2018_AndroidConnectivity/7_usb/MyUSB_MissileLauncher/app/build/outputs/logs/manifest-merger-debug-report.txt
-- Merging decision tree log ---
manifest
ADDED from src\main\AndroidManifest.xml:1:1-25:12
INJECTED from src\main\AndroidManifest.xml:1:1-25:12
INJECTED from src\main\AndroidManifest.xml:1:1-25:12
	package
		ADDED from src\main\AndroidManifest.xml:2:5-42
		INJECTED from src\main\AndroidManifest.xml
		INJECTED from src\main\AndroidManifest.xml
	xmlns:android
		ADDED from src\main\AndroidManifest.xml:1:11-69
uses-feature#android.hardware.usb.host
ADDED from src\main\AndroidManifest.xml:4:5-62
	android:name
		ADDED from src\main\AndroidManifest.xml:4:19-59
uses-sdk
ADDED from src\main\AndroidManifest.xml:5:5-44
INJECTED from src\main\AndroidManifest.xml:5:5-44
INJECTED from src\main\AndroidManifest.xml:5:5-44
INJECTED from src\main\AndroidManifest.xml:5:5-44
INJECTED from src\main\AndroidManifest.xml:5:5-44
	android:targetSdkVersion
		INJECTED from src\main\AndroidManifest.xml
		ADDED from src\main\AndroidManifest.xml:5:5-44
		INJECTED from src\main\AndroidManifest.xml
	android:minSdkVersion
		ADDED from src\main\AndroidManifest.xml:5:15-41
		INJECTED from src\main\AndroidManifest.xml
		INJECTED from src\main\AndroidManifest.xml
application
ADDED from src\main\AndroidManifest.xml:7:5-24:19
activity#com.android.missilelauncher.MissileLauncherActivity
ADDED from src\main\AndroidManifest.xml:8:9-23:20
	android:screenOrientation
		ADDED from src\main\AndroidManifest.xml:10:13-49
	android:label
		ADDED from src\main\AndroidManifest.xml:9:13-45
	android:name
		ADDED from src\main\AndroidManifest.xml:8:19-57
intent-filter#android.intent.action.MAIN+android.intent.category.DEFAULT+android.intent.category.LAUNCHER
ADDED from src\main\AndroidManifest.xml:11:13-15:29
action#android.intent.action.MAIN
ADDED from src\main\AndroidManifest.xml:12:17-69
	android:name
		ADDED from src\main\AndroidManifest.xml:12:25-66
category#android.intent.category.DEFAULT
ADDED from src\main\AndroidManifest.xml:13:17-76
	android:name
		ADDED from src\main\AndroidManifest.xml:13:27-73
category#android.intent.category.LAUNCHER
ADDED from src\main\AndroidManifest.xml:14:17-77
	android:name
		ADDED from src\main\AndroidManifest.xml:14:27-74
intent-filter#android.hardware.usb.action.USB_DEVICE_ATTACHED
ADDED from src\main\AndroidManifest.xml:17:13-19:29
action#android.hardware.usb.action.USB_DEVICE_ATTACHED
ADDED from src\main\AndroidManifest.xml:18:17-90
	android:name
		ADDED from src\main\AndroidManifest.xml:18:25-87
meta-data#android.hardware.usb.action.USB_DEVICE_ATTACHED
ADDED from src\main\AndroidManifest.xml:21:13-22:57
	android:resource
		ADDED from src\main\AndroidManifest.xml:22:17-54
	android:name
		ADDED from src\main\AndroidManifest.xml:21:24-86